Build started 11/15/2015 7:40:42 PM.
     1>Project "C:\Users\Russell\git\progLangs\ObjectsInC\OOc\OOc\OOc.vcxproj" on node 2 (Rebuild target(s)).
     1>ClCompile:
         G:\Visual Studio\VC\bin\CL.exe /c /ZI /nologo /W3 /WX- /sdl /Od /Oy- /D WIN32 /D _DEBUG /D _CONSOLE /D _LIB /D _UNICODE /D UNICODE /Gm /EHsc /RTC1 /MDd /GS /fp:precise /Zc:wchar_t /Zc:forScope /Fo"Debug\\" /Fd"Debug\vc120.pdb" /Gd /TC /analyze- /errorReport:prompt objects.c
         objects.c
     1>c:\users\russell\git\proglangs\objectsinc\ooc\ooc\objects.c(58): warning C4047: 'initializing' : 'Animal *' differs in levels of indirection from 'int'
     1>c:\users\russell\git\proglangs\objectsinc\ooc\ooc\objects.c(78): warning C4013: 'malloc' undefined; assuming extern returning int
     1>c:\users\russell\git\proglangs\objectsinc\ooc\ooc\objects.c(88): warning C4047: 'function' : 'Animal *' differs in levels of indirection from 'Animal **'
     1>c:\users\russell\git\proglangs\objectsinc\ooc\ooc\objects.c(88): warning C4024: 'Construct_Dog' : different types for formal and actual parameter 1
     1>c:\users\russell\git\proglangs\objectsinc\ooc\ooc\objects.c(100): warning C4013: 'free' undefined; assuming extern returning int
     1>c:\users\russell\git\proglangs\objectsinc\ooc\ooc\objects.c(109): warning C4047: '=' : 'Animal *' differs in levels of indirection from 'int'
     1>c:\users\russell\git\proglangs\objectsinc\ooc\ooc\objects.c(117): warning C4047: 'function' : 'Animal *' differs in levels of indirection from 'Animal **'
     1>c:\users\russell\git\proglangs\objectsinc\ooc\ooc\objects.c(117): warning C4024: 'Construct_Cat' : different types for formal and actual parameter 1
     1>c:\users\russell\git\proglangs\objectsinc\ooc\ooc\objects.c(132): warning C4047: '=' : 'Animal *' differs in levels of indirection from 'int'
     1>c:\users\russell\git\proglangs\objectsinc\ooc\ooc\objects.c(137): warning C4047: 'function' : 'Animal *' differs in levels of indirection from 'Animal **'
     1>c:\users\russell\git\proglangs\objectsinc\ooc\ooc\objects.c(137): warning C4024: 'Construct_Lion' : different types for formal and actual parameter 1
     1>c:\users\russell\git\proglangs\objectsinc\ooc\ooc\objects.c(225): warning C4047: 'function' : 'Animal *' differs in levels of indirection from 'Animal **'
     1>c:\users\russell\git\proglangs\objectsinc\ooc\ooc\objects.c(225): warning C4024: 'Construct_Dog' : different types for formal and actual parameter 1
       Link:
         G:\Visual Studio\VC\bin\link.exe /ERRORREPORT:PROMPT /OUT:"C:\Users\Russell\git\progLangs\ObjectsInC\OOc\Debug\OOc.exe" /INCREMENTAL /NOLOGO kernel32.lib user32.lib gdi32.lib winspool.lib comdlg32.lib advapi32.lib shell32.lib ole32.lib oleaut32.lib uuid.lib odbc32.lib odbccp32.lib /MANIFEST /MANIFESTUAC:"level='asInvoker' uiAccess='false'" /manifest:embed /DEBUG /PDB:"C:\Users\Russell\git\progLangs\ObjectsInC\OOc\Debug\OOc.pdb" /SUBSYSTEM:CONSOLE /TLBID:1 /DYNAMICBASE /NXCOMPAT /IMPLIB:"C:\Users\Russell\git\progLangs\ObjectsInC\OOc\Debug\OOc.lib" /MACHINE:X86 Debug\objects.obj
         OOc.vcxproj -> C:\Users\Russell\git\progLangs\ObjectsInC\OOc\Debug\OOc.exe
     1>Done Building Project "C:\Users\Russell\git\progLangs\ObjectsInC\OOc\OOc\OOc.vcxproj" (Rebuild target(s)).

Build succeeded.

Time Elapsed 00:00:00.64
